python lpmln_infer.py examples/example_1.txt.wtp -q negspouse,spouse -sdd >example_1.txt.wtp.out -noexp

]0;IPython: jpang12/lpmln_inferNamespace(Input_File=['examples/example_1.txt.wtp'], all=False, approx=False, e=None, ex=False, hard=False, load=None, map=True, mf=[1000], noexp=True, q=['negspouse,spouse'], samp=[500], save=None, sdd=True, xormode=[2])
Grounding Done! 
Completion_1 Done! 
Completion_2 Done! 
Name Mapping Done!
Read CNF: vars=284 clauses=961
SDD Done! Time For Construct SDD:  6.68530797958374
[negspouse("Tina_Green","Brett_Palos"), 0.2133876703053404]
[negspouse("Philip_Green","Brett_Palos"), 0.2022999465929711]
[negspouse("Bonita_Friedericy","John_Billingsley"), 0.21168355676017162]
[negspouse("John_Billingsley","Bonita_Friedericy"), 0.2116895711136112]
[negspouse("Tina_Green","Stasha_Palos"), 0.22684638152419553]
[negspouse("Philip_Green","Stasha_Palos"), 0.21180538349531094]
[negspouse("Tina_Green","Bonita_Friedericy"), 0.08514068619855754]
[negspouse("Tina_Green","John_Billingsley"), 0.08514265622378124]
[negspouse("Bonita_Friedericy","Tina_Green"), 0.08514068619855754]
[negspouse("John_Billingsley","Tina_Green"), 0.08514265622378124]
[negspouse("Brett_Palos","Tina_Green"), 0.40918441645006687]
[negspouse("Brett_Palos","Philip_Green"), 0.3854486596663678]
[negspouse("John_Billingsley","John_Billingsley"), 0.021551999072399197]
[negspouse("Stasha_Palos","Philip_Green"), 0.40859425601295135]
[negspouse("Stasha_Palos","Tina_Green"), 0.35815824712935007]
[negspouse("Bonita_Friedericy","Bonita_Friedericy"), 0.021551511529134617]
[spouse("Tina_Green","Tina_Green"), 0.44261377230245647]
[spouse("Philip_Green","Tina_Green"), 0.6543030424950258]
[spouse("Philip_Green","Philip_Green"), 0.6011510415342097]
[spouse("Bonita_Friedericy","Bonita_Friedericy"), 0.46526647048671244]
[spouse("John_Billingsley","John_Billingsley"), 0.46524397760692693]
[spouse("Tina_Green","Philip_Green"), 1.0]
