python lpmln_infer.py examples/example_2.txt.ptw -q negspouse,spouse -sdd >example_2.txt.ptw.out 

]0;IPython: jpang12/lpmln_inferNamespace(Input_File=['examples/example_2.txt.ptw'], all=False, approx=False, e=None, ex=False, hard=False, load=None, map=True, mf=[1000], noexp=False, q=['negspouse,spouse'], samp=[500], save=None, sdd=True, xormode=[2])
Grounding Done! 
Completion_1 Done! 
Completion_2 Done! 
Name Mapping Done!
Read CNF: vars=786 clauses=2182
SDD Done! Time For Construct SDD:  16.86914873123169
[negspouse("Hussein_of_Jordan","Prince_Ali_bin_Hussein"), nan]
[negspouse("Hussein_of_Jordan","Haya_bint_Hussein"), nan]
[negspouse("Alia_al-Hussein","Prince_Ali_bin_Hussein"), nan]
[negspouse("Alia_al-Hussein","Haya_bint_Hussein"), nan]
[negspouse("Alia_al-Hussein","Prince_Faisal_bin_Hussein"), nan]
[negspouse("Alia_al-Hussein","Princess_Raiyah_bint_Hussein"), nan]
[negspouse("Alia_al-Hussein","Princess_Aisha_bint_Hussein"), nan]
[negspouse("Alia_al-Hussein","Princess_Zein_bint_Hussein"), nan]
[negspouse("Alia_al-Hussein","Princess_Alia_bint_Hussein"), nan]
[negspouse("Alia_al-Hussein","Prince_Hamzah_bin_Hussein"), nan]
[negspouse("Alia_al-Hussein","Princess_Iman_bint_Hussein"), nan]
[negspouse("Alia_al-Hussein","Abdullah_II_of_Jordan"), nan]
[negspouse("Alia_al-Hussein","Prince_Hashim_bin_Hussein"), nan]
[negspouse("Hussein_of_Jordan","Prince_Faisal_bin_Hussein"), nan]
[negspouse("Hussein_of_Jordan","Princess_Raiyah_bint_Hussein"), nan]
[negspouse("Hussein_of_Jordan","Princess_Aisha_bint_Hussein"), nan]
[negspouse("Hussein_of_Jordan","Princess_Zein_bint_Hussein"), nan]
[negspouse("Hussein_of_Jordan","Princess_Alia_bint_Hussein"), nan]
[negspouse("Hussein_of_Jordan","Prince_Hamzah_bin_Hussein"), nan]
[negspouse("Hussein_of_Jordan","Princess_Iman_bint_Hussein"), nan]
[negspouse("Hussein_of_Jordan","Abdullah_II_of_Jordan"), nan]
[negspouse("Hussein_of_Jordan","Prince_Hashim_bin_Hussein"), nan]
[negspouse("Hussein_of_Jordan","Hussein_of_Jordan"), nan]
[negspouse("Alia_al-Hussein","Hussein_of_Jordan"), nan]
[negspouse("Alia_al-Hussein","Alia_al-Hussein"), nan]
[negspouse("Prince_Ali_bin_Hussein","Hussein_of_Jordan"), nan]
[negspouse("Haya_bint_Hussein","Hussein_of_Jordan"), nan]
[negspouse("Prince_Ali_bin_Hussein","Alia_al-Hussein"), nan]
[negspouse("Haya_bint_Hussein","Alia_al-Hussein"), nan]
[negspouse("Prince_Faisal_bin_Hussein","Alia_al-Hussein"), nan]
[negspouse("Princess_Raiyah_bint_Hussein","Alia_al-Hussein"), nan]
[negspouse("Princess_Aisha_bint_Hussein","Alia_al-Hussein"), nan]
[negspouse("Princess_Zein_bint_Hussein","Alia_al-Hussein"), nan]
[negspouse("Princess_Alia_bint_Hussein","Alia_al-Hussein"), nan]
[negspouse("Prince_Hamzah_bin_Hussein","Alia_al-Hussein"), nan]
[negspouse("Princess_Iman_bint_Hussein","Alia_al-Hussein"), nan]
[negspouse("Abdullah_II_of_Jordan","Alia_al-Hussein"), nan]
[negspouse("Prince_Hashim_bin_Hussein","Alia_al-Hussein"), nan]
[negspouse("Prince_Faisal_bin_Hussein","Hussein_of_Jordan"), nan]
[negspouse("Princess_Raiyah_bint_Hussein","Hussein_of_Jordan"), nan]
[negspouse("Princess_Aisha_bint_Hussein","Hussein_of_Jordan"), nan]
[negspouse("Princess_Zein_bint_Hussein","Hussein_of_Jordan"), nan]
[negspouse("Princess_Alia_bint_Hussein","Hussein_of_Jordan"), nan]
[negspouse("Prince_Hamzah_bin_Hussein","Hussein_of_Jordan"), nan]
[negspouse("Princess_Iman_bint_Hussein","Hussein_of_Jordan"), nan]
[negspouse("Abdullah_II_of_Jordan","Hussein_of_Jordan"), nan]
[negspouse("Prince_Hashim_bin_Hussein","Hussein_of_Jordan"), nan]
[spouse("Alia_al-Hussein","Alia_al-Hussein"), nan]
[spouse("Alia_al-Hussein","Hussein_of_Jordan"), nan]
[spouse("Hussein_of_Jordan","Hussein_of_Jordan"), nan]
[spouse("Hussein_of_Jordan","Alia_al-Hussein"), nan]
