python lpmln_infer.py examples/example_2.txt.wtp -q negspouse,spouse -sdd >example_2.txt.wtp.out -noexp

]0;IPython: jpang12/lpmln_inferNamespace(Input_File=['examples/example_2.txt.wtp'], all=False, approx=False, e=None, ex=False, hard=False, load=None, map=True, mf=[1000], noexp=True, q=['negspouse,spouse'], samp=[500], save=None, sdd=True, xormode=[2])
Grounding Done! 
Completion_1 Done! 
Completion_2 Done! 
Name Mapping Done!
Read CNF: vars=786 clauses=2182
SDD Done! Time For Construct SDD:  16.964391946792603
[negspouse("Hussein_of_Jordan","Prince_Ali_bin_Hussein"), 0.4658984278039398]
[negspouse("Hussein_of_Jordan","Haya_bint_Hussein"), 0.4658984278039398]
[negspouse("Alia_al-Hussein","Prince_Ali_bin_Hussein"), 0.46186519397477804]
[negspouse("Alia_al-Hussein","Haya_bint_Hussein"), 0.46186519397477793]
[negspouse("Alia_al-Hussein","Prince_Faisal_bin_Hussein"), 0.47667368105001995]
[negspouse("Alia_al-Hussein","Princess_Raiyah_bint_Hussein"), 0.47667368105001995]
[negspouse("Alia_al-Hussein","Princess_Aisha_bint_Hussein"), 0.47667368105002006]
[negspouse("Alia_al-Hussein","Princess_Zein_bint_Hussein"), 0.47667368105002006]
[negspouse("Alia_al-Hussein","Princess_Alia_bint_Hussein"), 0.47667368105002006]
[negspouse("Alia_al-Hussein","Prince_Hamzah_bin_Hussein"), 0.47667368105001995]
[negspouse("Alia_al-Hussein","Princess_Iman_bint_Hussein"), 0.47667368105001995]
[negspouse("Alia_al-Hussein","Abdullah_II_of_Jordan"), 0.47667368105002006]
[negspouse("Alia_al-Hussein","Prince_Hashim_bin_Hussein"), 0.47667368105002006]
[negspouse("Hussein_of_Jordan","Prince_Faisal_bin_Hussein"), 0.48918720903617235]
[negspouse("Hussein_of_Jordan","Princess_Raiyah_bint_Hussein"), 0.48918720903617235]
[negspouse("Hussein_of_Jordan","Princess_Aisha_bint_Hussein"), 0.48918720903617235]
[negspouse("Hussein_of_Jordan","Princess_Zein_bint_Hussein"), 0.48918720903617235]
[negspouse("Hussein_of_Jordan","Princess_Alia_bint_Hussein"), 0.48918720903617235]
[negspouse("Hussein_of_Jordan","Prince_Hamzah_bin_Hussein"), 0.48918720903617274]
[negspouse("Hussein_of_Jordan","Princess_Iman_bint_Hussein"), 0.48918720903617274]
[negspouse("Hussein_of_Jordan","Abdullah_II_of_Jordan"), 0.48918720903617297]
[negspouse("Hussein_of_Jordan","Prince_Hashim_bin_Hussein"), 0.48918720903617297]
[negspouse("Hussein_of_Jordan","Hussein_of_Jordan"), 2.9101310961573497e-76]
[negspouse("Alia_al-Hussein","Hussein_of_Jordan"), 1.2105079207887343e-19]
[negspouse("Alia_al-Hussein","Alia_al-Hussein"), 0.0335211904379589]
[negspouse("Prince_Ali_bin_Hussein","Hussein_of_Jordan"), 0.4501055865765202]
[negspouse("Haya_bint_Hussein","Hussein_of_Jordan"), 0.4501055865765205]
[negspouse("Prince_Ali_bin_Hussein","Alia_al-Hussein"), 0.443731516535048]
[negspouse("Haya_bint_Hussein","Alia_al-Hussein"), 0.443731516535048]
[negspouse("Prince_Faisal_bin_Hussein","Alia_al-Hussein"), 0.46278300195784433]
[negspouse("Princess_Raiyah_bint_Hussein","Alia_al-Hussein"), 0.4627830019578443]
[negspouse("Princess_Aisha_bint_Hussein","Alia_al-Hussein"), 0.46278300195784433]
[negspouse("Princess_Zein_bint_Hussein","Alia_al-Hussein"), 0.4627830019578441]
[negspouse("Princess_Alia_bint_Hussein","Alia_al-Hussein"), 0.4627830019578445]
[negspouse("Prince_Hamzah_bin_Hussein","Alia_al-Hussein"), 0.4627830019578443]
[negspouse("Princess_Iman_bint_Hussein","Alia_al-Hussein"), 0.4627830019578443]
[negspouse("Abdullah_II_of_Jordan","Alia_al-Hussein"), 0.4627830019578443]
[negspouse("Prince_Hashim_bin_Hussein","Alia_al-Hussein"), 0.4627830019578443]
[negspouse("Prince_Faisal_bin_Hussein","Hussein_of_Jordan"), 0.4872246198787886]
[negspouse("Princess_Raiyah_bint_Hussein","Hussein_of_Jordan"), 0.4872246198787886]
[negspouse("Princess_Aisha_bint_Hussein","Hussein_of_Jordan"), 0.4872246198787886]
[negspouse("Princess_Zein_bint_Hussein","Hussein_of_Jordan"), 0.48722461987878884]
[negspouse("Princess_Alia_bint_Hussein","Hussein_of_Jordan"), 0.4872246198787886]
[negspouse("Prince_Hamzah_bin_Hussein","Hussein_of_Jordan"), 0.48722461987878884]
[negspouse("Princess_Iman_bint_Hussein","Hussein_of_Jordan"), 0.48722461987878884]
[negspouse("Abdullah_II_of_Jordan","Hussein_of_Jordan"), 0.4872246198787886]
[negspouse("Prince_Hashim_bin_Hussein","Hussein_of_Jordan"), 0.4872246198787886]
[spouse("Alia_al-Hussein","Alia_al-Hussein"), 0.17452282736974045]
[spouse("Alia_al-Hussein","Hussein_of_Jordan"), 0.9999934418138595]
[spouse("Hussein_of_Jordan","Hussein_of_Jordan"), 0.00022764691381642785]
[spouse("Hussein_of_Jordan","Alia_al-Hussein"), 1.0]
